Using pre-set license
Built from '2022.3/staging' branch; Version is '2022.3.45f1 (a13dfa44d684) revision 10567162'; Using compiler version '192829333'; Build Type 'Release'
OS: 'Windows 11  (10.0.22631) 64bit CoreSingleLanguage' Language: 'en' Physical Memory: 7532 MB
BatchMode: 1, IsHumanControllingUs: 0, StartBugReporterOnCrash: 0, Is64bit: 1, IsPro: 1

COMMAND LINE ARGUMENTS:
D:\Courses\2024-1\Game Programing\2022.3.45f1\Editor\Unity.exe
-adb2
-batchMode
-noUpm
-name
AssetImportWorker5
-projectPath
D:/Courses/2024-1/Game Programing/Projects/FinalProjectGame
-logFile
Logs/AssetImportWorker5.log
-srvPort
56169
Successfully changed project path to: D:/Courses/2024-1/Game Programing/Projects/FinalProjectGame
D:/Courses/2024-1/Game Programing/Projects/FinalProjectGame
[UnityMemory] Configuration Parameters - Can be set up in boot.config
    "memorysetup-bucket-allocator-granularity=16"
    "memorysetup-bucket-allocator-bucket-count=8"
    "memorysetup-bucket-allocator-block-size=33554432"
    "memorysetup-bucket-allocator-block-count=8"
    "memorysetup-main-allocator-block-size=16777216"
    "memorysetup-thread-allocator-block-size=16777216"
    "memorysetup-gfx-main-allocator-block-size=16777216"
    "memorysetup-gfx-thread-allocator-block-size=16777216"
    "memorysetup-cache-allocator-block-size=4194304"
    "memorysetup-typetree-allocator-block-size=2097152"
    "memorysetup-profiler-bucket-allocator-granularity=16"
    "memorysetup-profiler-bucket-allocator-bucket-count=8"
    "memorysetup-profiler-bucket-allocator-block-size=33554432"
    "memorysetup-profiler-bucket-allocator-block-count=8"
    "memorysetup-profiler-allocator-block-size=16777216"
    "memorysetup-profiler-editor-allocator-block-size=1048576"
    "memorysetup-temp-allocator-size-main=16777216"
    "memorysetup-job-temp-allocator-block-size=2097152"
    "memorysetup-job-temp-allocator-block-size-background=1048576"
    "memorysetup-job-temp-allocator-reduction-small-platforms=262144"
    "memorysetup-allocator-temp-initial-block-size-main=262144"
    "memorysetup-allocator-temp-initial-block-size-worker=262144"
    "memorysetup-temp-allocator-size-background-worker=32768"
    "memorysetup-temp-allocator-size-job-worker=262144"
    "memorysetup-temp-allocator-size-preload-manager=33554432"
    "memorysetup-temp-allocator-size-nav-mesh-worker=65536"
    "memorysetup-temp-allocator-size-audio-worker=65536"
    "memorysetup-temp-allocator-size-cloud-worker=32768"
    "memorysetup-temp-allocator-size-gi-baking-worker=262144"
    "memorysetup-temp-allocator-size-gfx=262144"
Player connection [23612]  Target information:

Player connection [23612]  * "[IP] 192.168.176.1 [Port] 0 [Flags] 2 [Guid] 889948257 [EditorId] 889948257 [Version] 1048832 [Id] WindowsEditor(7,DESKTOP-LK93AN8) [Debug] 1 [PackageName] WindowsEditor [ProjectName] Editor" 

Player connection [23612]  * "[IP] 192.168.0.106 [Port] 0 [Flags] 2 [Guid] 889948257 [EditorId] 889948257 [Version] 1048832 [Id] WindowsEditor(7,DESKTOP-LK93AN8) [Debug] 1 [PackageName] WindowsEditor [ProjectName] Editor" 

Player connection [23612] Host joined multi-casting on [225.0.0.222:54997]...
Player connection [23612] Host joined alternative multi-casting on [225.0.0.222:34997]...
[PhysX] Initialized MultithreadedTaskDispatcher with 12 workers.
Refreshing native plugins compatible for Editor in 20.83 ms, found 4 plugins.
Preloading 0 native plugins for Editor in 0.00 ms.
Initialize engine version: 2022.3.45f1 (a13dfa44d684)
[Subsystems] Discovering subsystems at path D:/Courses/2024-1/Game Programing/2022.3.45f1/Editor/Data/Resources/UnitySubsystems
[Subsystems] Discovering subsystems at path D:/Courses/2024-1/Game Programing/Projects/FinalProjectGame/Assets
GfxDevice: creating device client; threaded=0; jobified=0
Direct3D:
    Version:  Direct3D 11.0 [level 11.1]
    Renderer: NVIDIA GeForce GTX 1650 (ID=0x1f9d)
    Vendor:   NVIDIA
    VRAM:     3952 MB
    Driver:   31.0.15.2656
Initialize mono
Mono path[0] = 'D:/Courses/2024-1/Game Programing/2022.3.45f1/Editor/Data/Managed'
Mono path[1] = 'D:/Courses/2024-1/Game Programing/2022.3.45f1/Editor/Data/MonoBleedingEdge/lib/mono/unityjit-win32'
Mono config path = 'D:/Courses/2024-1/Game Programing/2022.3.45f1/Editor/Data/MonoBleedingEdge/etc'
Using monoOptions --debugger-agent=transport=dt_socket,embedding=1,server=y,suspend=n,address=127.0.0.1:56436
Begin MonoManager ReloadAssembly
Registering precompiled unity dll's ...
Register platform support module: D:/Courses/2024-1/Game Programing/2022.3.45f1/Editor/Data/PlaybackEngines/WindowsStandaloneSupport/UnityEditor.WindowsStandalone.Extensions.dll
Registered in 0.014235 seconds.
- Loaded All Assemblies, in  0.620 seconds
Native extension for WindowsStandalone target not found
Mono: successfully reloaded assembly
- Finished resetting the current domain, in  0.299 seconds
Domain Reload Profiling: 919ms
	BeginReloadAssembly (197ms)
		ExecutionOrderSort (0ms)
		DisableScriptedObjects (0ms)
		BackupInstance (0ms)
		ReleaseScriptingObjects (0ms)
		CreateAndSetChildDomain (1ms)
	RebuildCommonClasses (71ms)
	RebuildNativeTypeToScriptingClass (13ms)
	initialDomainReloadingComplete (94ms)
	LoadAllAssembliesAndSetupDomain (244ms)
		LoadAssemblies (198ms)
		RebuildTransferFunctionScriptingTraits (0ms)
		AnalyzeDomain (240ms)
			TypeCache.Refresh (239ms)
				TypeCache.ScanAssembly (222ms)
			ScanForSourceGeneratedMonoScriptInfo (0ms)
			ResolveRequiredComponents (0ms)
	FinalizeReload (300ms)
		ReleaseScriptCaches (0ms)
		RebuildScriptCaches (0ms)
		SetupLoadedEditorAssemblies (248ms)
			LogAssemblyErrors (0ms)
			InitializePlatformSupportModulesInManaged (9ms)
			SetLoadedEditorAssemblies (8ms)
			RefreshPlugins (0ms)
			BeforeProcessingInitializeOnLoad (2ms)
			ProcessInitializeOnLoadAttributes (173ms)
			ProcessInitializeOnLoadMethodAttributes (55ms)
			AfterProcessingInitializeOnLoad (0ms)
			EditorAssembliesLoaded (0ms)
		ExecutionOrderSort2 (0ms)
		AwakeInstancesAfterBackupRestoration (0ms)
========================================================================
Worker process is ready to serve import requests
Caller must complete domain reload
Begin MonoManager ReloadAssembly
- Loaded All Assemblies, in  0.849 seconds
Native extension for WindowsStandalone target not found
Mono: successfully reloaded assembly
- Finished resetting the current domain, in  0.796 seconds
Domain Reload Profiling: 1646ms
	BeginReloadAssembly (154ms)
		ExecutionOrderSort (0ms)
		DisableScriptedObjects (7ms)
		BackupInstance (0ms)
		ReleaseScriptingObjects (0ms)
		CreateAndSetChildDomain (26ms)
	RebuildCommonClasses (33ms)
	RebuildNativeTypeToScriptingClass (10ms)
	initialDomainReloadingComplete (40ms)
	LoadAllAssembliesAndSetupDomain (613ms)
		LoadAssemblies (419ms)
		RebuildTransferFunctionScriptingTraits (0ms)
		AnalyzeDomain (278ms)
			TypeCache.Refresh (211ms)
				TypeCache.ScanAssembly (191ms)
			ScanForSourceGeneratedMonoScriptInfo (50ms)
			ResolveRequiredComponents (14ms)
	FinalizeReload (796ms)
		ReleaseScriptCaches (0ms)
		RebuildScriptCaches (0ms)
		SetupLoadedEditorAssemblies (617ms)
			LogAssemblyErrors (0ms)
			InitializePlatformSupportModulesInManaged (6ms)
			SetLoadedEditorAssemblies (4ms)
			RefreshPlugins (0ms)
			BeforeProcessingInitializeOnLoad (86ms)
			ProcessInitializeOnLoadAttributes (447ms)
			ProcessInitializeOnLoadMethodAttributes (73ms)
			AfterProcessingInitializeOnLoad (2ms)
			EditorAssembliesLoaded (0ms)
		ExecutionOrderSort2 (0ms)
		AwakeInstancesAfterBackupRestoration (5ms)
Launched and connected shader compiler UnityShaderCompiler.exe after 0.05 seconds
Refreshing native plugins compatible for Editor in 3.53 ms, found 4 plugins.
Preloading 0 native plugins for Editor in 0.00 ms.
Unloading 6253 Unused Serialized files (Serialized files now loaded: 0)
Unloading 63 unused Assets / (1.0 MB). Loaded Objects now: 6708.
Memory consumption went from 231.0 MB to 230.0 MB.
Total: 4.768500 ms (FindLiveObjects: 0.420800 ms CreateObjectMapping: 0.397300 ms MarkObjects: 3.542000 ms  DeleteObjects: 0.404900 ms)

AssetImportParameters requested are different than current active one (requested -> active):
  custom:container-demuxer-ogg: 62fdf1f143b41e24485cea50d1cbac27 -> 
  custom:video-decoder-ogg-theora: a1e56fd34408186e4bbccfd4996cb3dc -> 
  custom:framework-win-MediaFoundation: 216162199b28c13a410421893ffa2e32 -> 
  custom:CustomObjectIndexerAttribute: 72b91833f83ae208fae7752999fa3104 -> 
  custom:container-demuxer-webm: 4f35f7cbe854078d1ac9338744f61a02 -> 
  custom:container-muxer-webm: aa71ff27fc2769a1b78a27578f13a17b -> 
  custom:video-decoder-webm-vp8: 9c59270c3fd7afecdb556c50c9e8de78 -> 
  custom:SearchIndexIgnoredProperties: e643bd26f0fe6173181afceb89e7c659 -> 
  custom:AudioImporter_EditorPlatform: d09bf68614088b80899f8185d706f6e7 -> 
  custom:video-encoder-webm-vp8: eb34c28f22e8b96e1ab97ce403110664 -> 
  custom:audio-decoder-ogg-vorbis: bf7c407c2cedff20999df2af8eb42d56 -> 
  custom:audio-encoder-webm-vorbis: bf7c407c2cedff20999df2af8eb42d56 -> 
========================================================================
Received Import Request.
  Time since last request: 44826.695940 seconds.
  path: Assets/Undead Survivor/Tiles/plains_16.asset
  artifactKey: Guid(8a76c185e17ccf24995a60dcde0ba885) Importer(815301076,1909f56bfc062723c751e8b465ee728b)
Start importing Assets/Undead Survivor/Tiles/plains_16.asset using Guid(8a76c185e17ccf24995a60dcde0ba885) Importer(815301076,1909f56bfc062723c751e8b465ee728b) [PhysX] Initialized MultithreadedTaskDispatcher with 12 workers.
 -> (artifact id: 'bfa1a2f94dd348b580596ad6365bf826') in 0.091836 seconds
Number of updated asset objects reloaded before import = 0
Number of asset objects unloaded after import = 3
========================================================================
Received Import Request.
  Time since last request: 0.085552 seconds.
  path: Assets/Undead Survivor/Tiles/plains_19.asset
  artifactKey: Guid(862fbd8657759d0498096875f93d018e) Importer(815301076,1909f56bfc062723c751e8b465ee728b)
Start importing Assets/Undead Survivor/Tiles/plains_19.asset using Guid(862fbd8657759d0498096875f93d018e) Importer(815301076,1909f56bfc062723c751e8b465ee728b) [PhysX] Initialized MultithreadedTaskDispatcher with 12 workers.
 -> (artifact id: '975004058905c1e40a0179a1a9465243') in 0.014063 seconds
Number of updated asset objects reloaded before import = 0
Number of asset objects unloaded after import = 3
========================================================================
Received Import Request.
  Time since last request: 0.160385 seconds.
  path: Assets/Undead Survivor/Tiles/plains_22.asset
  artifactKey: Guid(91c50ac0c12815a48ba65cf9625c3196) Importer(815301076,1909f56bfc062723c751e8b465ee728b)
Start importing Assets/Undead Survivor/Tiles/plains_22.asset using Guid(91c50ac0c12815a48ba65cf9625c3196) Importer(815301076,1909f56bfc062723c751e8b465ee728b) [PhysX] Initialized MultithreadedTaskDispatcher with 12 workers.
 -> (artifact id: '3b84cd091680ece0c42b9b57d52ffeb7') in 0.014229 seconds
Number of updated asset objects reloaded before import = 0
Number of asset objects unloaded after import = 3
========================================================================
Received Import Request.
  Time since last request: 0.185993 seconds.
  path: Assets/Undead Survivor/Tiles/plains_25.asset
  artifactKey: Guid(4f074588516c33c4988b397fd1b13396) Importer(815301076,1909f56bfc062723c751e8b465ee728b)
Start importing Assets/Undead Survivor/Tiles/plains_25.asset using Guid(4f074588516c33c4988b397fd1b13396) Importer(815301076,1909f56bfc062723c751e8b465ee728b) [PhysX] Initialized MultithreadedTaskDispatcher with 12 workers.
 -> (artifact id: 'd1831a3fc1f8ec08099b048e3fe31749') in 0.012655 seconds
Number of updated asset objects reloaded before import = 0
Number of asset objects unloaded after import = 3
========================================================================
Received Import Request.
  Time since last request: 0.029778 seconds.
  path: Assets/Undead Survivor/Tiles/plains_28.asset
  artifactKey: Guid(a3d6f0492902d4b458dce5cb1a3cbf5d) Importer(815301076,1909f56bfc062723c751e8b465ee728b)
Start importing Assets/Undead Survivor/Tiles/plains_28.asset using Guid(a3d6f0492902d4b458dce5cb1a3cbf5d) Importer(815301076,1909f56bfc062723c751e8b465ee728b) [PhysX] Initialized MultithreadedTaskDispatcher with 12 workers.
 -> (artifact id: 'd1c498acef8fac727ea01a7ffbfd0f45') in 0.013897 seconds
Number of updated asset objects reloaded before import = 0
Number of asset objects unloaded after import = 3
========================================================================
Received Import Request.
  Time since last request: 0.013030 seconds.
  path: Assets/Undead Survivor/Tiles/plains_31.asset
  artifactKey: Guid(80803b8ac8cd9294c966ca2f9110ba52) Importer(815301076,1909f56bfc062723c751e8b465ee728b)
Start importing Assets/Undead Survivor/Tiles/plains_31.asset using Guid(80803b8ac8cd9294c966ca2f9110ba52) Importer(815301076,1909f56bfc062723c751e8b465ee728b) [PhysX] Initialized MultithreadedTaskDispatcher with 12 workers.
 -> (artifact id: 'f4c03d41bf4b255b44d98bcba3694e0e') in 0.015256 seconds
Number of updated asset objects reloaded before import = 0
Number of asset objects unloaded after import = 3
========================================================================
Received Import Request.
  Time since last request: 0.209471 seconds.
  path: Assets/Undead Survivor/Tiles/plains_34.asset
  artifactKey: Guid(af878ca03c16ac24a850df54d894c83e) Importer(815301076,1909f56bfc062723c751e8b465ee728b)
Start importing Assets/Undead Survivor/Tiles/plains_34.asset using Guid(af878ca03c16ac24a850df54d894c83e) Importer(815301076,1909f56bfc062723c751e8b465ee728b) [PhysX] Initialized MultithreadedTaskDispatcher with 12 workers.
 -> (artifact id: 'cd9b05b51c961e9f309b7db1fa8fb35a') in 0.012970 seconds
Number of updated asset objects reloaded before import = 0
Number of asset objects unloaded after import = 3
========================================================================
Received Import Request.
  Time since last request: 0.054760 seconds.
  path: Assets/Undead Survivor/Tiles/plains_37.asset
  artifactKey: Guid(af73df7931133ee4f92e579387b3395a) Importer(815301076,1909f56bfc062723c751e8b465ee728b)
Start importing Assets/Undead Survivor/Tiles/plains_37.asset using Guid(af73df7931133ee4f92e579387b3395a) Importer(815301076,1909f56bfc062723c751e8b465ee728b) [PhysX] Initialized MultithreadedTaskDispatcher with 12 workers.
 -> (artifact id: '96c4abf4d71a7d6bd6d8ad811d31078c') in 0.014221 seconds
Number of updated asset objects reloaded before import = 0
Number of asset objects unloaded after import = 3
========================================================================
Received Import Request.
  Time since last request: 0.032648 seconds.
  path: Assets/Undead Survivor/Tiles/plains_40.asset
  artifactKey: Guid(4ffe988587a3cf447920810ad6a6cf27) Importer(815301076,1909f56bfc062723c751e8b465ee728b)
Start importing Assets/Undead Survivor/Tiles/plains_40.asset using Guid(4ffe988587a3cf447920810ad6a6cf27) Importer(815301076,1909f56bfc062723c751e8b465ee728b) [PhysX] Initialized MultithreadedTaskDispatcher with 12 workers.
 -> (artifact id: '2f32b4ca0af8fe162537abbd3445ddd4') in 0.014372 seconds
Number of updated asset objects reloaded before import = 0
Number of asset objects unloaded after import = 3
========================================================================
Received Import Request.
  Time since last request: 0.116808 seconds.
  path: Assets/Undead Survivor/Tiles/plains_43.asset
  artifactKey: Guid(ba80af20f9b74954e8f33493d82a1d02) Importer(815301076,1909f56bfc062723c751e8b465ee728b)
Start importing Assets/Undead Survivor/Tiles/plains_43.asset using Guid(ba80af20f9b74954e8f33493d82a1d02) Importer(815301076,1909f56bfc062723c751e8b465ee728b) [PhysX] Initialized MultithreadedTaskDispatcher with 12 workers.
 -> (artifact id: '3807247cf12ff741876c664084262760') in 0.012441 seconds
Number of updated asset objects reloaded before import = 0
Number of asset objects unloaded after import = 3
========================================================================
Received Import Request.
  Time since last request: 0.056944 seconds.
  path: Assets/Undead Survivor/Tiles/plains_46.asset
  artifactKey: Guid(81530bf3e3fcdee45bcf8e12093b6bcf) Importer(815301076,1909f56bfc062723c751e8b465ee728b)
Start importing Assets/Undead Survivor/Tiles/plains_46.asset using Guid(81530bf3e3fcdee45bcf8e12093b6bcf) Importer(815301076,1909f56bfc062723c751e8b465ee728b) [PhysX] Initialized MultithreadedTaskDispatcher with 12 workers.
 -> (artifact id: '6a3973d4a815c1903b2e5cce5a97f6a9') in 0.014028 seconds
Number of updated asset objects reloaded before import = 0
Number of asset objects unloaded after import = 3
========================================================================
Received Import Request.
  Time since last request: 0.054302 seconds.
  path: Assets/Undead Survivor/Tiles/plains_49.asset
  artifactKey: Guid(2b3528d8582c8a1409855e520cf3e16f) Importer(815301076,1909f56bfc062723c751e8b465ee728b)
Start importing Assets/Undead Survivor/Tiles/plains_49.asset using Guid(2b3528d8582c8a1409855e520cf3e16f) Importer(815301076,1909f56bfc062723c751e8b465ee728b) [PhysX] Initialized MultithreadedTaskDispatcher with 12 workers.
 -> (artifact id: 'caa01317ae001be5d8027a2f66402ebc') in 0.014867 seconds
Number of updated asset objects reloaded before import = 0
Number of asset objects unloaded after import = 3
========================================================================
Received Import Request.
  Time since last request: 0.030672 seconds.
  path: Assets/Undead Survivor/Tiles/plains_52.asset
  artifactKey: Guid(239fa21a8ad2be74f88529cb9d2fae8a) Importer(815301076,1909f56bfc062723c751e8b465ee728b)
Start importing Assets/Undead Survivor/Tiles/plains_52.asset using Guid(239fa21a8ad2be74f88529cb9d2fae8a) Importer(815301076,1909f56bfc062723c751e8b465ee728b) [PhysX] Initialized MultithreadedTaskDispatcher with 12 workers.
 -> (artifact id: '5f2353f95988c639fcf9414857d5d32e') in 0.014145 seconds
Number of updated asset objects reloaded before import = 0
Number of asset objects unloaded after import = 3
========================================================================
Received Import Request.
  Time since last request: 0.038193 seconds.
  path: Assets/Undead Survivor/Tiles/plains_55.asset
  artifactKey: Guid(1e8dbe7346ffd8f469d35e4927d1573d) Importer(815301076,1909f56bfc062723c751e8b465ee728b)
Start importing Assets/Undead Survivor/Tiles/plains_55.asset using Guid(1e8dbe7346ffd8f469d35e4927d1573d) Importer(815301076,1909f56bfc062723c751e8b465ee728b) [PhysX] Initialized MultithreadedTaskDispatcher with 12 workers.
 -> (artifact id: '8bcc0186361e2c4e1ec72b33f712bfeb') in 0.015518 seconds
Number of updated asset objects reloaded before import = 0
Number of asset objects unloaded after import = 3
========================================================================
Received Import Request.
  Time since last request: 0.084391 seconds.
  path: Assets/Undead Survivor/Tiles/plains_58.asset
  artifactKey: Guid(2bf4342a982c73c44b7efc8809392b71) Importer(815301076,1909f56bfc062723c751e8b465ee728b)
Start importing Assets/Undead Survivor/Tiles/plains_58.asset using Guid(2bf4342a982c73c44b7efc8809392b71) Importer(815301076,1909f56bfc062723c751e8b465ee728b) [PhysX] Initialized MultithreadedTaskDispatcher with 12 workers.
 -> (artifact id: 'a5f644afb5e1ea9f66b8fbfd6452bfbe') in 0.014295 seconds
Number of updated asset objects reloaded before import = 0
Number of asset objects unloaded after import = 3
========================================================================
Received Import Request.
  Time since last request: 0.076709 seconds.
  path: Assets/Undead Survivor/Tiles/plains_61.asset
  artifactKey: Guid(ef89fef2f3db89046b3f6a61f2809e18) Importer(815301076,1909f56bfc062723c751e8b465ee728b)
Start importing Assets/Undead Survivor/Tiles/plains_61.asset using Guid(ef89fef2f3db89046b3f6a61f2809e18) Importer(815301076,1909f56bfc062723c751e8b465ee728b) [PhysX] Initialized MultithreadedTaskDispatcher with 12 workers.
 -> (artifact id: '19dab234b4cace06577dd93ac474b07f') in 0.013899 seconds
Number of updated asset objects reloaded before import = 0
Number of asset objects unloaded after import = 3
========================================================================
Received Import Request.
  Time since last request: 0.056141 seconds.
  path: Assets/Undead Survivor/Tiles/plains_64.asset
  artifactKey: Guid(2608e921d3209cc48bea0b41961e92ed) Importer(815301076,1909f56bfc062723c751e8b465ee728b)
Start importing Assets/Undead Survivor/Tiles/plains_64.asset using Guid(2608e921d3209cc48bea0b41961e92ed) Importer(815301076,1909f56bfc062723c751e8b465ee728b) [PhysX] Initialized MultithreadedTaskDispatcher with 12 workers.
 -> (artifact id: 'ca62dd65e3fcf4e610643696df56a895') in 0.014781 seconds
Number of updated asset objects reloaded before import = 0
Number of asset objects unloaded after import = 3
========================================================================
Received Import Request.
  Time since last request: 0.040254 seconds.
  path: Assets/Undead Survivor/Tiles/plains_67.asset
  artifactKey: Guid(96f18c99ab0546d42a0dec2ad2db5122) Importer(815301076,1909f56bfc062723c751e8b465ee728b)
Start importing Assets/Undead Survivor/Tiles/plains_67.asset using Guid(96f18c99ab0546d42a0dec2ad2db5122) Importer(815301076,1909f56bfc062723c751e8b465ee728b) [PhysX] Initialized MultithreadedTaskDispatcher with 12 workers.
 -> (artifact id: '37d83fe7639cdb38e5ad88d693d06380') in 0.014234 seconds
Number of updated asset objects reloaded before import = 0
Number of asset objects unloaded after import = 3
========================================================================
Received Import Request.
  Time since last request: 282.386300 seconds.
  path: Assets/Undead Survivor/Sprites/tilesets/decor_16x16.png
  artifactKey: Guid(e0ff1d718d2acf943a050375e5ed27c2) Importer(815301076,1909f56bfc062723c751e8b465ee728b)
Start importing Assets/Undead Survivor/Sprites/tilesets/decor_16x16.png using Guid(e0ff1d718d2acf943a050375e5ed27c2) Importer(815301076,1909f56bfc062723c751e8b465ee728b) [PhysX] Initialized MultithreadedTaskDispatcher with 12 workers.
[PhysX] Initialized MultithreadedTaskDispatcher with 12 workers.
 -> (artifact id: 'e2d4a52c94bd6e3ab52c355737860550') in 0.039198 seconds
Number of updated asset objects reloaded before import = 0
Number of asset objects unloaded after import = 2
========================================================================
Received Import Request.
  Time since last request: 187.435731 seconds.
  path: Assets/Undead Survivor/Tiles/TileMap2_3/decor_16x16_7.asset
  artifactKey: Guid(c39969ddf8970a844bfb297cd0b2239e) Importer(815301076,1909f56bfc062723c751e8b465ee728b)
Start importing Assets/Undead Survivor/Tiles/TileMap2_3/decor_16x16_7.asset using Guid(c39969ddf8970a844bfb297cd0b2239e) Importer(815301076,1909f56bfc062723c751e8b465ee728b) [PhysX] Initialized MultithreadedTaskDispatcher with 12 workers.
 -> (artifact id: '5d82149c023564f75d1795a53166da89') in 0.021319 seconds
Number of updated asset objects reloaded before import = 0
Number of asset objects unloaded after import = 3
========================================================================
Received Import Request.
  Time since last request: 0.000023 seconds.
  path: Assets/Undead Survivor/Tiles/TileMap2_3/decor_16x16_10.asset
  artifactKey: Guid(06d8b729657531a41a47493c44131df3) Importer(815301076,1909f56bfc062723c751e8b465ee728b)
Start importing Assets/Undead Survivor/Tiles/TileMap2_3/decor_16x16_10.asset using Guid(06d8b729657531a41a47493c44131df3) Importer(815301076,1909f56bfc062723c751e8b465ee728b) [PhysX] Initialized MultithreadedTaskDispatcher with 12 workers.
 -> (artifact id: 'c441657b7763e9db7ef194b9b054c7ec') in 0.024132 seconds
Number of updated asset objects reloaded before import = 0
Number of asset objects unloaded after import = 3
========================================================================
Received Import Request.
  Time since last request: 0.000025 seconds.
  path: Assets/Undead Survivor/Tiles/TileMap2_3/decor_16x16_12.asset
  artifactKey: Guid(5ac12980f8a9c55419d3559a746de958) Importer(815301076,1909f56bfc062723c751e8b465ee728b)
Start importing Assets/Undead Survivor/Tiles/TileMap2_3/decor_16x16_12.asset using Guid(5ac12980f8a9c55419d3559a746de958) Importer(815301076,1909f56bfc062723c751e8b465ee728b) [PhysX] Initialized MultithreadedTaskDispatcher with 12 workers.
 -> (artifact id: '2b4afcb81ab23bd289b82fac10a7266b') in 0.018268 seconds
Number of updated asset objects reloaded before import = 0
Number of asset objects unloaded after import = 3
========================================================================
Received Import Request.
  Time since last request: 0.000030 seconds.
  path: Assets/Undead Survivor/Tiles/TileMap2_3/decor_16x16_16.asset
  artifactKey: Guid(5166cc509c035d94ea731da240fc3a00) Importer(815301076,1909f56bfc062723c751e8b465ee728b)
Start importing Assets/Undead Survivor/Tiles/TileMap2_3/decor_16x16_16.asset using Guid(5166cc509c035d94ea731da240fc3a00) Importer(815301076,1909f56bfc062723c751e8b465ee728b) [PhysX] Initialized MultithreadedTaskDispatcher with 12 workers.
 -> (artifact id: '3567d2e278488c59cbcdf32b5aa7d1e9') in 0.016528 seconds
Number of updated asset objects reloaded before import = 0
Number of asset objects unloaded after import = 3
========================================================================
Received Import Request.
  Time since last request: 0.000024 seconds.
  path: Assets/Undead Survivor/Tiles/TileMap2_3/fences_1.asset
  artifactKey: Guid(36d888aaea8e7ba498fb53a08efd718e) Importer(815301076,1909f56bfc062723c751e8b465ee728b)
Start importing Assets/Undead Survivor/Tiles/TileMap2_3/fences_1.asset using Guid(36d888aaea8e7ba498fb53a08efd718e) Importer(815301076,1909f56bfc062723c751e8b465ee728b) [PhysX] Initialized MultithreadedTaskDispatcher with 12 workers.
 -> (artifact id: '66363e6f3e9d659e14cf9f5505e6ae77') in 0.019104 seconds
Number of updated asset objects reloaded before import = 0
Number of asset objects unloaded after import = 3
========================================================================
Received Import Request.
  Time since last request: 0.000041 seconds.
  path: Assets/Undead Survivor/Tiles/TileMap2_3/decor_16x16_18.asset
  artifactKey: Guid(c88a55ea7aefb1342942368a9c4f003b) Importer(815301076,1909f56bfc062723c751e8b465ee728b)
Start importing Assets/Undead Survivor/Tiles/TileMap2_3/decor_16x16_18.asset using Guid(c88a55ea7aefb1342942368a9c4f003b) Importer(815301076,1909f56bfc062723c751e8b465ee728b) [PhysX] Initialized MultithreadedTaskDispatcher with 12 workers.
 -> (artifact id: '142f5f40df9e735b3ab7074bd55dfa90') in 0.016695 seconds
Number of updated asset objects reloaded before import = 0
Number of asset objects unloaded after import = 3
========================================================================
Received Import Request.
  Time since last request: 0.000023 seconds.
  path: Assets/Undead Survivor/Tiles/TileMap2_3/decor_16x16_9.asset
  artifactKey: Guid(1658ab6f84ee5d747b0a270377da8afe) Importer(815301076,1909f56bfc062723c751e8b465ee728b)
Start importing Assets/Undead Survivor/Tiles/TileMap2_3/decor_16x16_9.asset using Guid(1658ab6f84ee5d747b0a270377da8afe) Importer(815301076,1909f56bfc062723c751e8b465ee728b) [PhysX] Initialized MultithreadedTaskDispatcher with 12 workers.
 -> (artifact id: '1d342f193153b65757f8cab8220471f2') in 0.013324 seconds
Number of updated asset objects reloaded before import = 0
Number of asset objects unloaded after import = 3
========================================================================
Received Import Request.
  Time since last request: 0.000029 seconds.
  path: Assets/Undead Survivor/Tiles/TileMap2_3/decor_16x16_13.asset
  artifactKey: Guid(67cd8e3269fb72c41962c2b2714d52c5) Importer(815301076,1909f56bfc062723c751e8b465ee728b)
Start importing Assets/Undead Survivor/Tiles/TileMap2_3/decor_16x16_13.asset using Guid(67cd8e3269fb72c41962c2b2714d52c5) Importer(815301076,1909f56bfc062723c751e8b465ee728b) [PhysX] Initialized MultithreadedTaskDispatcher with 12 workers.
 -> (artifact id: '8fcbc702ef8dff0b10d7ce96f4b97736') in 0.012429 seconds
Number of updated asset objects reloaded before import = 0
Number of asset objects unloaded after import = 3
========================================================================
Received Import Request.
  Time since last request: 53.827801 seconds.
  path: Assets/Undead Survivor/Tiles/TileMap2_3/plains_59.asset
  artifactKey: Guid(890691ca003a1df47ab791a27749a2f2) Importer(815301076,1909f56bfc062723c751e8b465ee728b)
Start importing Assets/Undead Survivor/Tiles/TileMap2_3/plains_59.asset using Guid(890691ca003a1df47ab791a27749a2f2) Importer(815301076,1909f56bfc062723c751e8b465ee728b) [PhysX] Initialized MultithreadedTaskDispatcher with 12 workers.
 -> (artifact id: '9cafb9ec1462e96a6ed506e917cf0d5b') in 0.010516 seconds
Number of updated asset objects reloaded before import = 0
Number of asset objects unloaded after import = 3
========================================================================
Received Import Request.
  Time since last request: 0.000019 seconds.
  path: Assets/Undead Survivor/Tiles/TileMap2_3/plains_63.asset
  artifactKey: Guid(bf654da57a5027f45affd8923965154b) Importer(815301076,1909f56bfc062723c751e8b465ee728b)
Start importing Assets/Undead Survivor/Tiles/TileMap2_3/plains_63.asset using Guid(bf654da57a5027f45affd8923965154b) Importer(815301076,1909f56bfc062723c751e8b465ee728b) [PhysX] Initialized MultithreadedTaskDispatcher with 12 workers.
 -> (artifact id: 'b5226772ca82eeb3e41cb0fdd81d25eb') in 0.015899 seconds
Number of updated asset objects reloaded before import = 0
Number of asset objects unloaded after import = 3
========================================================================
Received Import Request.
  Time since last request: 0.000029 seconds.
  path: Assets/Undead Survivor/Tiles/TileMap2_3/plains_64.asset
  artifactKey: Guid(0d7ac02bed9292f4898201623aaa157c) Importer(815301076,1909f56bfc062723c751e8b465ee728b)
Start importing Assets/Undead Survivor/Tiles/TileMap2_3/plains_64.asset using Guid(0d7ac02bed9292f4898201623aaa157c) Importer(815301076,1909f56bfc062723c751e8b465ee728b) [PhysX] Initialized MultithreadedTaskDispatcher with 12 workers.
 -> (artifact id: 'da51846c547d4e8a0a0b1a918afef3ea') in 0.014325 seconds
Number of updated asset objects reloaded before import = 0
Number of asset objects unloaded after import = 3
========================================================================
Received Import Request.
  Time since last request: 0.000025 seconds.
  path: Assets/Undead Survivor/Tiles/TileMap2_3/plains_65.asset
  artifactKey: Guid(9d560d839f0aa5348b797e4592ae5fa2) Importer(815301076,1909f56bfc062723c751e8b465ee728b)
Start importing Assets/Undead Survivor/Tiles/TileMap2_3/plains_65.asset using Guid(9d560d839f0aa5348b797e4592ae5fa2) Importer(815301076,1909f56bfc062723c751e8b465ee728b) [PhysX] Initialized MultithreadedTaskDispatcher with 12 workers.
 -> (artifact id: 'dbe91a2394592a63e43932224d3ddede') in 0.021467 seconds
Number of updated asset objects reloaded before import = 0
Number of asset objects unloaded after import = 3
========================================================================
Received Import Request.
  Time since last request: 0.000029 seconds.
  path: Assets/Undead Survivor/Tiles/TileMap2_3/plains_67.asset
  artifactKey: Guid(826f0ed7b70d00e4c8e56406568682c2) Importer(815301076,1909f56bfc062723c751e8b465ee728b)
Start importing Assets/Undead Survivor/Tiles/TileMap2_3/plains_67.asset using Guid(826f0ed7b70d00e4c8e56406568682c2) Importer(815301076,1909f56bfc062723c751e8b465ee728b) [PhysX] Initialized MultithreadedTaskDispatcher with 12 workers.
 -> (artifact id: '1857907e6d94aaf83de976fd84e54f89') in 0.012110 seconds
Number of updated asset objects reloaded before import = 0
Number of asset objects unloaded after import = 3
========================================================================
Received Import Request.
  Time since last request: 1.350908 seconds.
  path: Assets/Undead Survivor/Tiles/TileMap2_3/plains_54.asset
  artifactKey: Guid(3b115c57abd11ce44aa14748ed6ba725) Importer(815301076,1909f56bfc062723c751e8b465ee728b)
Start importing Assets/Undead Survivor/Tiles/TileMap2_3/plains_54.asset using Guid(3b115c57abd11ce44aa14748ed6ba725) Importer(815301076,1909f56bfc062723c751e8b465ee728b) [PhysX] Initialized MultithreadedTaskDispatcher with 12 workers.
 -> (artifact id: '7dab2f36eda86997e3029e66c6d01b56') in 0.013673 seconds
Number of updated asset objects reloaded before import = 0
Number of asset objects unloaded after import = 3
========================================================================
Received Import Request.
  Time since last request: 0.000018 seconds.
  path: Assets/Undead Survivor/Tiles/TileMap2_3/plains_55.asset
  artifactKey: Guid(503d6d335d0c0484982162675858f7df) Importer(815301076,1909f56bfc062723c751e8b465ee728b)
Start importing Assets/Undead Survivor/Tiles/TileMap2_3/plains_55.asset using Guid(503d6d335d0c0484982162675858f7df) Importer(815301076,1909f56bfc062723c751e8b465ee728b) [PhysX] Initialized MultithreadedTaskDispatcher with 12 workers.
 -> (artifact id: 'caee4496933dfae0384fe0be0b8ea20e') in 0.005950 seconds
Number of updated asset objects reloaded before import = 0
Number of asset objects unloaded after import = 3
========================================================================
Received Import Request.
  Time since last request: 2.125460 seconds.
  path: Assets/Undead Survivor/Tiles/TileMap2_3/plains_49.asset
  artifactKey: Guid(f0e945f21b3aca7449357ebb940122ed) Importer(815301076,1909f56bfc062723c751e8b465ee728b)
Start importing Assets/Undead Survivor/Tiles/TileMap2_3/plains_49.asset using Guid(f0e945f21b3aca7449357ebb940122ed) Importer(815301076,1909f56bfc062723c751e8b465ee728b) [PhysX] Initialized MultithreadedTaskDispatcher with 12 workers.
 -> (artifact id: '66b6bc5b67aa13041d6ff31980dc9a1e') in 0.024039 seconds
Number of updated asset objects reloaded before import = 0
Number of asset objects unloaded after import = 3
========================================================================
Received Import Request.
  Time since last request: 0.061307 seconds.
  path: Assets/Undead Survivor/Tiles/TileMap2_3/plains_44.asset
  artifactKey: Guid(49a7d1d9ca7ef654f823fe70acb235d7) Importer(815301076,1909f56bfc062723c751e8b465ee728b)
Start importing Assets/Undead Survivor/Tiles/TileMap2_3/plains_44.asset using Guid(49a7d1d9ca7ef654f823fe70acb235d7) Importer(815301076,1909f56bfc062723c751e8b465ee728b) [PhysX] Initialized MultithreadedTaskDispatcher with 12 workers.
 -> (artifact id: '86a21cb11c289af3047947874871a2f4') in 0.014772 seconds
Number of updated asset objects reloaded before import = 0
Number of asset objects unloaded after import = 3
========================================================================
Received Import Request.
  Time since last request: 0.000022 seconds.
  path: Assets/Undead Survivor/Tiles/TileMap2_3/plains_40.asset
  artifactKey: Guid(49012f9cbfa729f4abe9e190d51196e2) Importer(815301076,1909f56bfc062723c751e8b465ee728b)
Start importing Assets/Undead Survivor/Tiles/TileMap2_3/plains_40.asset using Guid(49012f9cbfa729f4abe9e190d51196e2) Importer(815301076,1909f56bfc062723c751e8b465ee728b) [PhysX] Initialized MultithreadedTaskDispatcher with 12 workers.
 -> (artifact id: 'e65751216f5e5d730232f25d6a522906') in 0.008452 seconds
Number of updated asset objects reloaded before import = 0
Number of asset objects unloaded after import = 3
========================================================================
Received Import Request.
  Time since last request: 0.000019 seconds.
  path: Assets/Undead Survivor/Tiles/TileMap2_3/plains_37.asset
  artifactKey: Guid(80527aa4d0c773c47bf50577696220f0) Importer(815301076,1909f56bfc062723c751e8b465ee728b)
Start importing Assets/Undead Survivor/Tiles/TileMap2_3/plains_37.asset using Guid(80527aa4d0c773c47bf50577696220f0) Importer(815301076,1909f56bfc062723c751e8b465ee728b) [PhysX] Initialized MultithreadedTaskDispatcher with 12 workers.
 -> (artifact id: '6d4a292e25f0991569ae96d2e15d6324') in 0.005607 seconds
Number of updated asset objects reloaded before import = 0
Number of asset objects unloaded after import = 3
========================================================================
Received Import Request.
  Time since last request: 0.053364 seconds.
  path: Assets/Undead Survivor/Tiles/TileMap2_3/plains_34.asset
  artifactKey: Guid(60836868d6bf2474a80cadaa1b1f1fd9) Importer(815301076,1909f56bfc062723c751e8b465ee728b)
Start importing Assets/Undead Survivor/Tiles/TileMap2_3/plains_34.asset using Guid(60836868d6bf2474a80cadaa1b1f1fd9) Importer(815301076,1909f56bfc062723c751e8b465ee728b) [PhysX] Initialized MultithreadedTaskDispatcher with 12 workers.
 -> (artifact id: '52ad8db35ad8f42b7ec78717230ed94f') in 0.013251 seconds
Number of updated asset objects reloaded before import = 0
Number of asset objects unloaded after import = 3
========================================================================
Received Import Request.
  Time since last request: 0.054475 seconds.
  path: Assets/Undead Survivor/Tiles/TileMap2_3/plains_29.asset
  artifactKey: Guid(80af08ab930075f44acabf4aef08eb57) Importer(815301076,1909f56bfc062723c751e8b465ee728b)
Start importing Assets/Undead Survivor/Tiles/TileMap2_3/plains_29.asset using Guid(80af08ab930075f44acabf4aef08eb57) Importer(815301076,1909f56bfc062723c751e8b465ee728b) [PhysX] Initialized MultithreadedTaskDispatcher with 12 workers.
 -> (artifact id: 'afc6a3847d1cc63cdfde3a2a92d93352') in 0.006192 seconds
Number of updated asset objects reloaded before import = 0
Number of asset objects unloaded after import = 3
========================================================================
Received Import Request.
  Time since last request: 0.000026 seconds.
  path: Assets/Undead Survivor/Tiles/TileMap2_3/plains_30.asset
  artifactKey: Guid(2db54927ab01a664caafd51dca5da4e3) Importer(815301076,1909f56bfc062723c751e8b465ee728b)
Start importing Assets/Undead Survivor/Tiles/TileMap2_3/plains_30.asset using Guid(2db54927ab01a664caafd51dca5da4e3) Importer(815301076,1909f56bfc062723c751e8b465ee728b) [PhysX] Initialized MultithreadedTaskDispatcher with 12 workers.
 -> (artifact id: '46eb6020bd615931b365912738e1748d') in 0.014225 seconds
Number of updated asset objects reloaded before import = 0
Number of asset objects unloaded after import = 3
========================================================================
Received Import Request.
  Time since last request: 0.000027 seconds.
  path: Assets/Undead Survivor/Tiles/TileMap2_3/plains_22.asset
  artifactKey: Guid(6ea4e38075c125f4b9752e044e5085ad) Importer(815301076,1909f56bfc062723c751e8b465ee728b)
Start importing Assets/Undead Survivor/Tiles/TileMap2_3/plains_22.asset using Guid(6ea4e38075c125f4b9752e044e5085ad) Importer(815301076,1909f56bfc062723c751e8b465ee728b) [PhysX] Initialized MultithreadedTaskDispatcher with 12 workers.
 -> (artifact id: '62261aa8f549de81bb1eb42e8cbb073e') in 0.013202 seconds
Number of updated asset objects reloaded before import = 0
Number of asset objects unloaded after import = 3
========================================================================
Received Import Request.
  Time since last request: 0.001844 seconds.
  path: Assets/Undead Survivor/Tiles/TileMap2_3/plains_18.asset
  artifactKey: Guid(bf389beebaf735b45887748ce9d72638) Importer(815301076,1909f56bfc062723c751e8b465ee728b)
Start importing Assets/Undead Survivor/Tiles/TileMap2_3/plains_18.asset using Guid(bf389beebaf735b45887748ce9d72638) Importer(815301076,1909f56bfc062723c751e8b465ee728b) [PhysX] Initialized MultithreadedTaskDispatcher with 12 workers.
 -> (artifact id: 'c1ab26870b7fc38340fe5fb6f494d9cb') in 0.014318 seconds
Number of updated asset objects reloaded before import = 0
Number of asset objects unloaded after import = 3
========================================================================
Received Import Request.
  Time since last request: 0.000022 seconds.
  path: Assets/Undead Survivor/Tiles/TileMap2_3/plains_19.asset
  artifactKey: Guid(1b6b5475fdb9cf1458cb6981df075ff5) Importer(815301076,1909f56bfc062723c751e8b465ee728b)
Start importing Assets/Undead Survivor/Tiles/TileMap2_3/plains_19.asset using Guid(1b6b5475fdb9cf1458cb6981df075ff5) Importer(815301076,1909f56bfc062723c751e8b465ee728b) [PhysX] Initialized MultithreadedTaskDispatcher with 12 workers.
 -> (artifact id: 'cc81e3e6c3e3145005812462a747922a') in 0.006691 seconds
Number of updated asset objects reloaded before import = 0
Number of asset objects unloaded after import = 3
========================================================================
Received Import Request.
  Time since last request: 0.053936 seconds.
  path: Assets/Undead Survivor/Tiles/TileMap2_3/plains_14.asset
  artifactKey: Guid(4063fc26a09356748a338f9f89636ee7) Importer(815301076,1909f56bfc062723c751e8b465ee728b)
Start importing Assets/Undead Survivor/Tiles/TileMap2_3/plains_14.asset using Guid(4063fc26a09356748a338f9f89636ee7) Importer(815301076,1909f56bfc062723c751e8b465ee728b) [PhysX] Initialized MultithreadedTaskDispatcher with 12 workers.
 -> (artifact id: '621197d9ab453fa718ecb2a1eebff8fa') in 0.006855 seconds
Number of updated asset objects reloaded before import = 0
Number of asset objects unloaded after import = 3
========================================================================
Received Import Request.
  Time since last request: 0.000024 seconds.
  path: Assets/Undead Survivor/Tiles/TileMap2_3/plains_16.asset
  artifactKey: Guid(d9645029ab6da82429216cf53d756463) Importer(815301076,1909f56bfc062723c751e8b465ee728b)
Start importing Assets/Undead Survivor/Tiles/TileMap2_3/plains_16.asset using Guid(d9645029ab6da82429216cf53d756463) Importer(815301076,1909f56bfc062723c751e8b465ee728b) [PhysX] Initialized MultithreadedTaskDispatcher with 12 workers.
 -> (artifact id: 'f77319c15be6168c79bba90a42441e65') in 0.016249 seconds
Number of updated asset objects reloaded before import = 0
Number of asset objects unloaded after import = 3
========================================================================
Received Import Request.
  Time since last request: 0.034126 seconds.
  path: Assets/Undead Survivor/Tiles/TileMap2_3/plains_9.asset
  artifactKey: Guid(d2df972a5cf15d6478e27bbe9e24c20d) Importer(815301076,1909f56bfc062723c751e8b465ee728b)
Start importing Assets/Undead Survivor/Tiles/TileMap2_3/plains_9.asset using Guid(d2df972a5cf15d6478e27bbe9e24c20d) Importer(815301076,1909f56bfc062723c751e8b465ee728b) [PhysX] Initialized MultithreadedTaskDispatcher with 12 workers.
 -> (artifact id: '7dbc3088ebfada257add85e203ae2da8') in 0.013577 seconds
Number of updated asset objects reloaded before import = 0
Number of asset objects unloaded after import = 3
========================================================================
Received Import Request.
  Time since last request: 0.033957 seconds.
  path: Assets/Undead Survivor/Tiles/TileMap2_3/plains_4.asset
  artifactKey: Guid(58416f784eb0e5649a33b14ff44fdf72) Importer(815301076,1909f56bfc062723c751e8b465ee728b)
Start importing Assets/Undead Survivor/Tiles/TileMap2_3/plains_4.asset using Guid(58416f784eb0e5649a33b14ff44fdf72) Importer(815301076,1909f56bfc062723c751e8b465ee728b) [PhysX] Initialized MultithreadedTaskDispatcher with 12 workers.
 -> (artifact id: '920ac4a0c4ec072cb3cc85971378356b') in 0.006531 seconds
Number of updated asset objects reloaded before import = 0
Number of asset objects unloaded after import = 3
========================================================================
Received Import Request.
  Time since last request: 0.053682 seconds.
  path: Assets/Undead Survivor/Tiles/TileMap2_3/grass.asset
  artifactKey: Guid(7f7966575e3c1a94dae8bc18a00ecfd9) Importer(815301076,1909f56bfc062723c751e8b465ee728b)
Start importing Assets/Undead Survivor/Tiles/TileMap2_3/grass.asset using Guid(7f7966575e3c1a94dae8bc18a00ecfd9) Importer(815301076,1909f56bfc062723c751e8b465ee728b) [PhysX] Initialized MultithreadedTaskDispatcher with 12 workers.
 -> (artifact id: '8ed1e4a84d7a203a50201533b23759d1') in 0.016903 seconds
Number of updated asset objects reloaded before import = 0
Number of asset objects unloaded after import = 3
========================================================================
Received Import Request.
  Time since last request: 0.033677 seconds.
  path: Assets/Undead Survivor/Tiles/TileMap2_3/fences_11.asset
  artifactKey: Guid(ecde5105c46e14c42b85c78bb834cf03) Importer(815301076,1909f56bfc062723c751e8b465ee728b)
Start importing Assets/Undead Survivor/Tiles/TileMap2_3/fences_11.asset using Guid(ecde5105c46e14c42b85c78bb834cf03) Importer(815301076,1909f56bfc062723c751e8b465ee728b) [PhysX] Initialized MultithreadedTaskDispatcher with 12 workers.
 -> (artifact id: '293a91e379665d2a892deddf1f957c63') in 0.013536 seconds
Number of updated asset objects reloaded before import = 0
Number of asset objects unloaded after import = 3
========================================================================
Received Import Request.
  Time since last request: 0.093064 seconds.
  path: Assets/Undead Survivor/Tiles/TileMap2_3/fences_6.asset
  artifactKey: Guid(a922bba2460ac04439e11896bd4d1cc1) Importer(815301076,1909f56bfc062723c751e8b465ee728b)
Start importing Assets/Undead Survivor/Tiles/TileMap2_3/fences_6.asset using Guid(a922bba2460ac04439e11896bd4d1cc1) Importer(815301076,1909f56bfc062723c751e8b465ee728b) [PhysX] Initialized MultithreadedTaskDispatcher with 12 workers.
 -> (artifact id: '0d9b056d054bc9d9eaa8cfabfeba5e9f') in 0.012915 seconds
Number of updated asset objects reloaded before import = 0
Number of asset objects unloaded after import = 3
========================================================================
Received Import Request.
  Time since last request: 0.613389 seconds.
  path: Assets/Undead Survivor/Tiles/TileMap2_3/decor_16x16_2.asset
  artifactKey: Guid(9219585cab5802a40bcb7954d1e7595f) Importer(815301076,1909f56bfc062723c751e8b465ee728b)
Start importing Assets/Undead Survivor/Tiles/TileMap2_3/decor_16x16_2.asset using Guid(9219585cab5802a40bcb7954d1e7595f) Importer(815301076,1909f56bfc062723c751e8b465ee728b) [PhysX] Initialized MultithreadedTaskDispatcher with 12 workers.
 -> (artifact id: '15f5e997aea2ccf7f23bdd84f2fee9a4') in 0.013427 seconds
Number of updated asset objects reloaded before import = 0
Number of asset objects unloaded after import = 3
Editor requested this worker to shutdown with reason: Scaling down because of idle timeout
TcpMessagingSession - receive error: operation aborted. errorcode: 995, details: The I/O operation has been aborted because of either a thread exit or an application request.
AssetImportWorker is now disconnected from the server
Process exiting
Exiting without the bug reporter. Application will terminate with return code 0